This file contains any messages produced by compilers while
running configure, to aid debugging if configure makes a mistake.

It was created by butt configure 0.1.37, which was
generated by GNU Autoconf 2.71.  Invocation command line was

  $ ./configure --build=x86_64-linux-gnu --prefix=/usr '--includedir=${prefix}/include' '--mandir=${prefix}/share/man' '--infodir=${prefix}/share/info' --sysconfdir=/etc --localstatedir=/var --disable-option-checking --disable-silent-rules '--libdir=${prefix}/lib/x86_64-linux-gnu' --runstatedir=/run --disable-maintainer-mode --disable-dependency-tracking --disable-aac

## --------- ##
## Platform. ##
## --------- ##

hostname = ryanZzz-PC
uname -m = x86_64
uname -r = 6.1.11-amd64-desktop-hwe
uname -s = Linux
uname -v = #23.01.00.14 SMP PREEMPT_DYNAMIC Fri May 12 14:47:29 CST 2023

/usr/bin/uname -p = unknown
/bin/uname -X     = unknown

/bin/arch              = x86_64
/usr/bin/arch -k       = unknown
/usr/convex/getsysinfo = unknown
/usr/bin/hostinfo      = unknown
/bin/machine           = unknown
/usr/bin/oslevel       = unknown
/bin/universe          = unknown

PATH: /usr/local/bin/
PATH: /usr/bin/
PATH: /bin/
PATH: /usr/local/games/
PATH: /usr/games/
PATH: /sbin/
PATH: /usr/sbin/


## ----------- ##
## Core tests. ##
## ----------- ##

configure:2837: looking for aux files: config.rpath compile config.guess config.sub missing install-sh
configure:2850:  trying ./
configure:2879:   ./config.rpath found
configure:2879:   ./compile found
configure:2879:   ./config.guess found
configure:2879:   ./config.sub found
configure:2879:   ./missing found
configure:2861:   ./install-sh found
configure:3008: checking for a BSD-compatible install
configure:3081: result: /usr/bin/install -c
configure:3092: checking whether build environment is sane
configure:3147: result: yes
configure:3306: checking for a race-free mkdir -p
configure:3350: result: /usr/bin/mkdir -p
configure:3357: checking for gawk
configure:3378: found /usr/bin/gawk
configure:3389: result: gawk
configure:3400: checking whether make sets $(MAKE)
configure:3423: result: yes
configure:3453: checking whether make supports nested variables
configure:3471: result: yes
configure:3613: checking build system type
configure:3628: result: x86_64-pc-linux-gnu
configure:3648: checking host system type
configure:3662: result: x86_64-pc-linux-gnu
configure:3763: checking for g++
configure:3784: found /usr/bin/g++
configure:3795: result: g++
configure:3822: checking for C++ compiler version
configure:3831: g++ --version >&5
g++ (Deepin 11.2.0-deepin2+rb2) 11.2.0
Copyright (C) 2021 Free Software Foundation, Inc.
This is free software; see the source for copying conditions.  There is NO
warranty; not even for MERCHANTABILITY or FITNESS FOR A PARTICULAR PURPOSE.

configure:3842: $? = 0
configure:3831: g++ -v >&5
Using built-in specs.
COLLECT_GCC=g++
COLLECT_LTO_WRAPPER=/usr/lib/gcc/x86_64-linux-gnu/11/lto-wrapper
OFFLOAD_TARGET_NAMES=nvptx-none:amdgcn-amdhsa
OFFLOAD_TARGET_DEFAULT=1
Target: x86_64-linux-gnu
Configured with: ../src/configure -v --with-pkgversion='Deepin 11.2.0-deepin2+rb2' --with-bugurl=file:///usr/share/doc/gcc-11/README.Bugs --enable-languages=c,ada,c++,go,brig,d,fortran,objc,obj-c++,m2 --prefix=/usr --with-gcc-major-version-only --program-suffix=-11 --program-prefix=x86_64-linux-gnu- --enable-shared --enable-linker-build-id --libexecdir=/usr/lib --without-included-gettext --enable-threads=posix --libdir=/usr/lib --enable-nls --enable-bootstrap --enable-clocale=gnu --enable-libstdcxx-debug --enable-libstdcxx-time=yes --with-default-libstdcxx-abi=new --enable-gnu-unique-object --disable-vtable-verify --enable-plugin --enable-default-pie --with-system-zlib --enable-libphobos-checking=release --with-target-system-zlib=auto --enable-objc-gc=auto --enable-multiarch --disable-werror --enable-cet --with-arch-32=i686 --with-abi=m64 --with-multilib-list=m32,m64,mx32 --enable-multilib --with-tune=generic --enable-offload-targets=nvptx-none=/usr/src/packages/BUILD/debian/tmp-nvptx/usr,amdgcn-amdhsa=/usr/src/packages/BUILD/debian/tmp-gcn/usr --without-cuda-driver --enable-checking=release --build=x86_64-linux-gnu --host=x86_64-linux-gnu --target=x86_64-linux-gnu --with-build-config=bootstrap-lto-lean --enable-link-serialization=16
Thread model: posix
Supported LTO compression algorithms: zlib zstd
gcc version 11.2.0 (Deepin 11.2.0-deepin2+rb2) 
... rest of stderr output deleted ...
configure:3842: $? = 0
configure:3831: g++ -V >&5
g++: error: unrecognized command-line option '-V'
g++: fatal error: no input files
compilation terminated.
configure:3842: $? = 1
configure:3831: g++ -qversion >&5
g++: error: unrecognized command-line option '-qversion'; did you mean '--version'?
g++: fatal error: no input files
compilation terminated.
configure:3842: $? = 1
configure:3862: checking whether the C++ compiler works
configure:3884: g++ -g -O2 -ffile-prefix-map=/home/ryanZzz/SRC/butt/butt-0.1.37=. -fstack-protector-strong -Wformat -Werror=format-security -O2 -Wdate-time -D_FORTIFY_SOURCE=2 -Wl,-z,relro -Wl,-z,now conftest.cpp  >&5
configure:3888: $? = 0
configure:3938: result: yes
configure:3941: checking for C++ compiler default output file name
configure:3943: result: a.out
configure:3949: checking for suffix of executables
configure:3956: g++ -o conftest -g -O2 -ffile-prefix-map=/home/ryanZzz/SRC/butt/butt-0.1.37=. -fstack-protector-strong -Wformat -Werror=format-security -O2 -Wdate-time -D_FORTIFY_SOURCE=2 -Wl,-z,relro -Wl,-z,now conftest.cpp  >&5
configure:3960: $? = 0
configure:3983: result: 
configure:4005: checking whether we are cross compiling
configure:4013: g++ -o conftest -g -O2 -ffile-prefix-map=/home/ryanZzz/SRC/butt/butt-0.1.37=. -fstack-protector-strong -Wformat -Werror=format-security -O2 -Wdate-time -D_FORTIFY_SOURCE=2 -Wl,-z,relro -Wl,-z,now conftest.cpp  >&5
configure:4017: $? = 0
configure:4024: ./conftest
configure:4028: $? = 0
configure:4043: result: no
configure:4048: checking for suffix of object files
configure:4071: g++ -c -g -O2 -ffile-prefix-map=/home/ryanZzz/SRC/butt/butt-0.1.37=. -fstack-protector-strong -Wformat -Werror=format-security -O2 -Wdate-time -D_FORTIFY_SOURCE=2 conftest.cpp >&5
configure:4075: $? = 0
configure:4097: result: o
configure:4101: checking whether the compiler supports GNU C++
configure:4121: g++ -c -g -O2 -ffile-prefix-map=/home/ryanZzz/SRC/butt/butt-0.1.37=. -fstack-protector-strong -Wformat -Werror=format-security -O2 -Wdate-time -D_FORTIFY_SOURCE=2 conftest.cpp >&5
configure:4121: $? = 0
configure:4131: result: yes
configure:4142: checking whether g++ accepts -g
configure:4163: g++ -c -g -Wdate-time -D_FORTIFY_SOURCE=2 conftest.cpp >&5
configure:4163: $? = 0
configure:4207: result: yes
configure:4227: checking for g++ option to enable C++11 features
configure:4242: g++  -c -g -O2 -ffile-prefix-map=/home/ryanZzz/SRC/butt/butt-0.1.37=. -fstack-protector-strong -Wformat -Werror=format-security -O2 -Wdate-time -D_FORTIFY_SOURCE=2 conftest.cpp >&5
conftest.cpp: In function 'int main(int, char**)':
conftest.cpp:177:25: warning: empty parentheses were disambiguated as a function declaration [-Wvexing-parse]
  177 |   cxx11test::delegate d2();
      |                         ^~
conftest.cpp:177:25: note: remove parentheses to default-initialize a variable
  177 |   cxx11test::delegate d2();
      |                         ^~
      |                         --
conftest.cpp:177:25: note: or replace parentheses with braces to value-initialize a variable
configure:4242: $? = 0
configure:4260: result: none needed
configure:4327: checking whether make supports the include directive
configure:4342: make -f confmf.GNU && cat confinc.out
make[2]: Entering directory '/home/ryanZzz/SRC/butt/butt-0.1.37'
make[2]: Leaving directory '/home/ryanZzz/SRC/butt/butt-0.1.37'
this is the am__doit target
configure:4345: $? = 0
configure:4364: result: yes (GNU style)
configure:4390: checking dependency style of g++
configure:4502: result: none
configure:4579: checking for gcc
configure:4600: found /usr/bin/gcc
configure:4611: result: gcc
configure:4964: checking for C compiler version
configure:4973: gcc --version >&5
gcc (Deepin 11.2.0-deepin2+rb2) 11.2.0
Copyright (C) 2021 Free Software Foundation, Inc.
This is free software; see the source for copying conditions.  There is NO
warranty; not even for MERCHANTABILITY or FITNESS FOR A PARTICULAR PURPOSE.

configure:4984: $? = 0
configure:4973: gcc -v >&5
Using built-in specs.
COLLECT_GCC=gcc
COLLECT_LTO_WRAPPER=/usr/lib/gcc/x86_64-linux-gnu/11/lto-wrapper
OFFLOAD_TARGET_NAMES=nvptx-none:amdgcn-amdhsa
OFFLOAD_TARGET_DEFAULT=1
Target: x86_64-linux-gnu
Configured with: ../src/configure -v --with-pkgversion='Deepin 11.2.0-deepin2+rb2' --with-bugurl=file:///usr/share/doc/gcc-11/README.Bugs --enable-languages=c,ada,c++,go,brig,d,fortran,objc,obj-c++,m2 --prefix=/usr --with-gcc-major-version-only --program-suffix=-11 --program-prefix=x86_64-linux-gnu- --enable-shared --enable-linker-build-id --libexecdir=/usr/lib --without-included-gettext --enable-threads=posix --libdir=/usr/lib --enable-nls --enable-bootstrap --enable-clocale=gnu --enable-libstdcxx-debug --enable-libstdcxx-time=yes --with-default-libstdcxx-abi=new --enable-gnu-unique-object --disable-vtable-verify --enable-plugin --enable-default-pie --with-system-zlib --enable-libphobos-checking=release --with-target-system-zlib=auto --enable-objc-gc=auto --enable-multiarch --disable-werror --enable-cet --with-arch-32=i686 --with-abi=m64 --with-multilib-list=m32,m64,mx32 --enable-multilib --with-tune=generic --enable-offload-targets=nvptx-none=/usr/src/packages/BUILD/debian/tmp-nvptx/usr,amdgcn-amdhsa=/usr/src/packages/BUILD/debian/tmp-gcn/usr --without-cuda-driver --enable-checking=release --build=x86_64-linux-gnu --host=x86_64-linux-gnu --target=x86_64-linux-gnu --with-build-config=bootstrap-lto-lean --enable-link-serialization=16
Thread model: posix
Supported LTO compression algorithms: zlib zstd
gcc version 11.2.0 (Deepin 11.2.0-deepin2+rb2) 
... rest of stderr output deleted ...
configure:4984: $? = 0
configure:4973: gcc -V >&5
gcc: error: unrecognized command-line option '-V'
gcc: fatal error: no input files
compilation terminated.
configure:4984: $? = 1
configure:4973: gcc -qversion >&5
gcc: error: unrecognized command-line option '-qversion'; did you mean '--version'?
gcc: fatal error: no input files
compilation terminated.
configure:4984: $? = 1
configure:4973: gcc -version >&5
gcc: error: unrecognized command-line option '-version'
gcc: fatal error: no input files
compilation terminated.
configure:4984: $? = 1
configure:4988: checking whether the compiler supports GNU C
configure:5008: gcc -c -g -O2 -ffile-prefix-map=/home/ryanZzz/SRC/butt/butt-0.1.37=. -fstack-protector-strong -Wformat -Werror=format-security -Wdate-time -D_FORTIFY_SOURCE=2 conftest.c >&5
configure:5008: $? = 0
configure:5018: result: yes
configure:5029: checking whether gcc accepts -g
configure:5050: gcc -c -g -Wdate-time -D_FORTIFY_SOURCE=2 conftest.c >&5
configure:5050: $? = 0
configure:5094: result: yes
configure:5114: checking for gcc option to enable C11 features
configure:5129: gcc  -c -g -O2 -ffile-prefix-map=/home/ryanZzz/SRC/butt/butt-0.1.37=. -fstack-protector-strong -Wformat -Werror=format-security -Wdate-time -D_FORTIFY_SOURCE=2 conftest.c >&5
configure:5129: $? = 0
configure:5147: result: none needed
configure:5263: checking whether gcc understands -c and -o together
configure:5286: gcc -c conftest.c -o conftest2.o
configure:5289: $? = 0
configure:5286: gcc -c conftest.c -o conftest2.o
configure:5289: $? = 0
configure:5301: result: yes
configure:5320: checking dependency style of gcc
configure:5432: result: none
configure:5506: checking for gcc
configure:5527: found /usr/bin/gcc
configure:5538: result: gcc
configure:5563: checking for Objective C compiler version
configure:5572: gcc --version >&5
gcc (Deepin 11.2.0-deepin2+rb2) 11.2.0
Copyright (C) 2021 Free Software Foundation, Inc.
This is free software; see the source for copying conditions.  There is NO
warranty; not even for MERCHANTABILITY or FITNESS FOR A PARTICULAR PURPOSE.

configure:5583: $? = 0
configure:5572: gcc -v >&5
Using built-in specs.
COLLECT_GCC=gcc
COLLECT_LTO_WRAPPER=/usr/lib/gcc/x86_64-linux-gnu/11/lto-wrapper
OFFLOAD_TARGET_NAMES=nvptx-none:amdgcn-amdhsa
OFFLOAD_TARGET_DEFAULT=1
Target: x86_64-linux-gnu
Configured with: ../src/configure -v --with-pkgversion='Deepin 11.2.0-deepin2+rb2' --with-bugurl=file:///usr/share/doc/gcc-11/README.Bugs --enable-languages=c,ada,c++,go,brig,d,fortran,objc,obj-c++,m2 --prefix=/usr --with-gcc-major-version-only --program-suffix=-11 --program-prefix=x86_64-linux-gnu- --enable-shared --enable-linker-build-id --libexecdir=/usr/lib --without-included-gettext --enable-threads=posix --libdir=/usr/lib --enable-nls --enable-bootstrap --enable-clocale=gnu --enable-libstdcxx-debug --enable-libstdcxx-time=yes --with-default-libstdcxx-abi=new --enable-gnu-unique-object --disable-vtable-verify --enable-plugin --enable-default-pie --with-system-zlib --enable-libphobos-checking=release --with-target-system-zlib=auto --enable-objc-gc=auto --enable-multiarch --disable-werror --enable-cet --with-arch-32=i686 --with-abi=m64 --with-multilib-list=m32,m64,mx32 --enable-multilib --with-tune=generic --enable-offload-targets=nvptx-none=/usr/src/packages/BUILD/debian/tmp-nvptx/usr,amdgcn-amdhsa=/usr/src/packages/BUILD/debian/tmp-gcn/usr --without-cuda-driver --enable-checking=release --build=x86_64-linux-gnu --host=x86_64-linux-gnu --target=x86_64-linux-gnu --with-build-config=bootstrap-lto-lean --enable-link-serialization=16
Thread model: posix
Supported LTO compression algorithms: zlib zstd
gcc version 11.2.0 (Deepin 11.2.0-deepin2+rb2) 
... rest of stderr output deleted ...
configure:5583: $? = 0
configure:5572: gcc -V >&5
gcc: error: unrecognized command-line option '-V'
gcc: fatal error: no input files
compilation terminated.
configure:5583: $? = 1
configure:5572: gcc -qversion >&5
gcc: error: unrecognized command-line option '-qversion'; did you mean '--version'?
gcc: fatal error: no input files
compilation terminated.
configure:5583: $? = 1
configure:5587: checking whether the compiler supports GNU Objective C
configure:5607: gcc -c -g -O2 -ffile-prefix-map=/home/ryanZzz/SRC/butt/butt-0.1.37=. -fstack-protector-strong -Wformat -Werror=format-security -Wdate-time -D_FORTIFY_SOURCE=2 conftest.m >&5
gcc: fatal error: cannot execute 'cc1obj': execvp: No such file or directory
compilation terminated.
configure:5607: $? = 1
configure: failed program was:
| /* confdefs.h */
| #define PACKAGE_NAME "butt"
| #define PACKAGE_TARNAME "butt"
| #define PACKAGE_VERSION "0.1.37"
| #define PACKAGE_STRING "butt 0.1.37"
| #define PACKAGE_BUGREPORT "BUG-REPORT-ADDRESS"
| #define PACKAGE_URL ""
| #define PACKAGE "butt"
| #define VERSION "0.1.37"
| /* end confdefs.h.  */
| 
| int
| main (void)
| {
| #ifndef __GNUC__
|        choke me
| #endif
| 
|   ;
|   return 0;
| }
configure:5617: result: no
configure:5628: checking whether gcc accepts -g
configure:5649: gcc -c -g -Wdate-time -D_FORTIFY_SOURCE=2 conftest.m >&5
gcc: fatal error: cannot execute 'cc1obj': execvp: No such file or directory
compilation terminated.
configure:5649: $? = 1
configure: failed program was:
| /* confdefs.h */
| #define PACKAGE_NAME "butt"
| #define PACKAGE_TARNAME "butt"
| #define PACKAGE_VERSION "0.1.37"
| #define PACKAGE_STRING "butt 0.1.37"
| #define PACKAGE_BUGREPORT "BUG-REPORT-ADDRESS"
| #define PACKAGE_URL ""
| #define PACKAGE "butt"
| #define VERSION "0.1.37"
| /* end confdefs.h.  */
| 
| int
| main (void)
| {
| 
|   ;
|   return 0;
| }
configure:5665: gcc -c  -Wdate-time -D_FORTIFY_SOURCE=2 conftest.m >&5
gcc: fatal error: cannot execute 'cc1obj': execvp: No such file or directory
compilation terminated.
configure:5665: $? = 1
configure: failed program was:
| /* confdefs.h */
| #define PACKAGE_NAME "butt"
| #define PACKAGE_TARNAME "butt"
| #define PACKAGE_VERSION "0.1.37"
| #define PACKAGE_STRING "butt 0.1.37"
| #define PACKAGE_BUGREPORT "BUG-REPORT-ADDRESS"
| #define PACKAGE_URL ""
| #define PACKAGE "butt"
| #define VERSION "0.1.37"
| /* end confdefs.h.  */
| 
| int
| main (void)
| {
| 
|   ;
|   return 0;
| }
configure:5682: gcc -c -g -Wdate-time -D_FORTIFY_SOURCE=2 conftest.m >&5
gcc: fatal error: cannot execute 'cc1obj': execvp: No such file or directory
compilation terminated.
configure:5682: $? = 1
configure: failed program was:
| /* confdefs.h */
| #define PACKAGE_NAME "butt"
| #define PACKAGE_TARNAME "butt"
| #define PACKAGE_VERSION "0.1.37"
| #define PACKAGE_STRING "butt 0.1.37"
| #define PACKAGE_BUGREPORT "BUG-REPORT-ADDRESS"
| #define PACKAGE_URL ""
| #define PACKAGE "butt"
| #define VERSION "0.1.37"
| /* end confdefs.h.  */
| 
| int
| main (void)
| {
| 
|   ;
|   return 0;
| }
configure:5693: result: no
configure:5718: checking dependency style of gcc
configure:5828: result: none
configure:5914: checking for ogg_stream_init in -logg
configure:5937: gcc -o conftest -g -O2 -ffile-prefix-map=/home/ryanZzz/SRC/butt/butt-0.1.37=. -fstack-protector-strong -Wformat -Werror=format-security -Wdate-time -D_FORTIFY_SOURCE=2 -Wl,-z,relro -Wl,-z,now -L/usr/local/lib conftest.c -logg   >&5
configure:5937: $? = 0
configure:5947: result: yes
configure:5960: checking for vorbis_info_init in -lvorbis
configure:5983: gcc -o conftest -g -O2 -ffile-prefix-map=/home/ryanZzz/SRC/butt/butt-0.1.37=. -fstack-protector-strong -Wformat -Werror=format-security -Wdate-time -D_FORTIFY_SOURCE=2 -Wl,-z,relro -Wl,-z,now -L/usr/local/lib conftest.c -lvorbis  -logg  >&5
configure:5983: $? = 0
configure:5993: result: yes
configure:6006: checking for vorbis_encode_init in -lvorbisenc
configure:6029: gcc -o conftest -g -O2 -ffile-prefix-map=/home/ryanZzz/SRC/butt/butt-0.1.37=. -fstack-protector-strong -Wformat -Werror=format-security -Wdate-time -D_FORTIFY_SOURCE=2 -Wl,-z,relro -Wl,-z,now -L/usr/local/lib conftest.c -lvorbisenc  -lvorbis -logg  >&5
configure:6029: $? = 0
configure:6039: result: yes
configure:6052: checking for opus_encoder_create in -lopus
configure:6075: gcc -o conftest -g -O2 -ffile-prefix-map=/home/ryanZzz/SRC/butt/butt-0.1.37=. -fstack-protector-strong -Wformat -Werror=format-security -Wdate-time -D_FORTIFY_SOURCE=2 -Wl,-z,relro -Wl,-z,now -L/usr/local/lib conftest.c -lopus  -lvorbisenc -lvorbis -logg  >&5
configure:6075: $? = 0
configure:6085: result: yes
configure:6098: checking for lame_init in -lmp3lame
configure:6121: gcc -o conftest -g -O2 -ffile-prefix-map=/home/ryanZzz/SRC/butt/butt-0.1.37=. -fstack-protector-strong -Wformat -Werror=format-security -Wdate-time -D_FORTIFY_SOURCE=2 -Wl,-z,relro -Wl,-z,now -L/usr/local/lib conftest.c -lmp3lame  -lopus -lvorbisenc -lvorbis -logg  >&5
configure:6121: $? = 0
configure:6131: result: yes
configure:6145: checking for FLAC__stream_encoder_new in -lFLAC
configure:6168: gcc -o conftest -g -O2 -ffile-prefix-map=/home/ryanZzz/SRC/butt/butt-0.1.37=. -fstack-protector-strong -Wformat -Werror=format-security -Wdate-time -D_FORTIFY_SOURCE=2 -Wl,-z,relro -Wl,-z,now -L/usr/local/lib conftest.c -lFLAC  -lmp3lame -lopus -lvorbisenc -lvorbis -logg  >&5
configure:6168: $? = 0
configure:6178: result: yes
configure:6191: checking for Pa_Initialize in -lportaudio
configure:6214: gcc -o conftest -g -O2 -ffile-prefix-map=/home/ryanZzz/SRC/butt/butt-0.1.37=. -fstack-protector-strong -Wformat -Werror=format-security -Wdate-time -D_FORTIFY_SOURCE=2 -Wl,-z,relro -Wl,-z,now -L/usr/local/lib conftest.c -lportaudio  -lFLAC -lmp3lame -lopus -lvorbisenc -lvorbis -logg  >&5
configure:6214: $? = 0
configure:6224: result: yes
configure:6237: checking for src_new in -lsamplerate
configure:6260: gcc -o conftest -g -O2 -ffile-prefix-map=/home/ryanZzz/SRC/butt/butt-0.1.37=. -fstack-protector-strong -Wformat -Werror=format-security -Wdate-time -D_FORTIFY_SOURCE=2 -Wl,-z,relro -Wl,-z,now -L/usr/local/lib conftest.c -lsamplerate  -lportaudio -lFLAC -lmp3lame -lopus -lvorbisenc -lvorbis -logg  >&5
configure:6260: $? = 0
configure:6270: result: yes
configure:6283: checking for pthread_create in -lpthread
configure:6306: gcc -o conftest -g -O2 -ffile-prefix-map=/home/ryanZzz/SRC/butt/butt-0.1.37=. -fstack-protector-strong -Wformat -Werror=format-security -Wdate-time -D_FORTIFY_SOURCE=2 -Wl,-z,relro -Wl,-z,now -L/usr/local/lib conftest.c -lpthread  -lsamplerate -lportaudio -lFLAC -lmp3lame -lopus -lvorbisenc -lvorbis -logg  >&5
configure:6306: $? = 0
configure:6316: result: yes
configure:6329: checking for curl_global_init in -lcurl
configure:6352: gcc -o conftest -g -O2 -ffile-prefix-map=/home/ryanZzz/SRC/butt/butt-0.1.37=. -fstack-protector-strong -Wformat -Werror=format-security -Wdate-time -D_FORTIFY_SOURCE=2 -Wl,-z,relro -Wl,-z,now -L/usr/local/lib conftest.c -lcurl  -lpthread -lsamplerate -lportaudio -lFLAC -lmp3lame -lopus -lvorbisenc -lvorbis -logg  >&5
configure:6352: $? = 0
configure:6362: result: yes
configure:6375: checking for SSL_CTX_new in -lssl
configure:6398: gcc -o conftest -g -O2 -ffile-prefix-map=/home/ryanZzz/SRC/butt/butt-0.1.37=. -fstack-protector-strong -Wformat -Werror=format-security -Wdate-time -D_FORTIFY_SOURCE=2 -Wl,-z,relro -Wl,-z,now -L/usr/local/lib conftest.c -lssl  -lcurl -lpthread -lsamplerate -lportaudio -lFLAC -lmp3lame -lopus -lvorbisenc -lvorbis -logg  >&5
configure:6398: $? = 0
configure:6408: result: yes
configure:6421: checking for EVP_EncryptInit in -lcrypto
configure:6444: gcc -o conftest -g -O2 -ffile-prefix-map=/home/ryanZzz/SRC/butt/butt-0.1.37=. -fstack-protector-strong -Wformat -Werror=format-security -Wdate-time -D_FORTIFY_SOURCE=2 -Wl,-z,relro -Wl,-z,now -L/usr/local/lib conftest.c -lcrypto  -lssl -lcurl -lpthread -lsamplerate -lportaudio -lFLAC -lmp3lame -lopus -lvorbisenc -lvorbis -logg  >&5
configure:6444: $? = 0
configure:6454: result: yes
configure:6474: checking for stdio.h
configure:6474: gcc -c -g -O2 -ffile-prefix-map=/home/ryanZzz/SRC/butt/butt-0.1.37=. -fstack-protector-strong -Wformat -Werror=format-security -Wdate-time -D_FORTIFY_SOURCE=2 conftest.c >&5
configure:6474: $? = 0
configure:6474: result: yes
configure:6474: checking for stdlib.h
configure:6474: gcc -c -g -O2 -ffile-prefix-map=/home/ryanZzz/SRC/butt/butt-0.1.37=. -fstack-protector-strong -Wformat -Werror=format-security -Wdate-time -D_FORTIFY_SOURCE=2 conftest.c >&5
configure:6474: $? = 0
configure:6474: result: yes
configure:6474: checking for string.h
configure:6474: gcc -c -g -O2 -ffile-prefix-map=/home/ryanZzz/SRC/butt/butt-0.1.37=. -fstack-protector-strong -Wformat -Werror=format-security -Wdate-time -D_FORTIFY_SOURCE=2 conftest.c >&5
configure:6474: $? = 0
configure:6474: result: yes
configure:6474: checking for inttypes.h
configure:6474: gcc -c -g -O2 -ffile-prefix-map=/home/ryanZzz/SRC/butt/butt-0.1.37=. -fstack-protector-strong -Wformat -Werror=format-security -Wdate-time -D_FORTIFY_SOURCE=2 conftest.c >&5
configure:6474: $? = 0
configure:6474: result: yes
configure:6474: checking for stdint.h
configure:6474: gcc -c -g -O2 -ffile-prefix-map=/home/ryanZzz/SRC/butt/butt-0.1.37=. -fstack-protector-strong -Wformat -Werror=format-security -Wdate-time -D_FORTIFY_SOURCE=2 conftest.c >&5
configure:6474: $? = 0
configure:6474: result: yes
configure:6474: checking for strings.h
configure:6474: gcc -c -g -O2 -ffile-prefix-map=/home/ryanZzz/SRC/butt/butt-0.1.37=. -fstack-protector-strong -Wformat -Werror=format-security -Wdate-time -D_FORTIFY_SOURCE=2 conftest.c >&5
configure:6474: $? = 0
configure:6474: result: yes
configure:6474: checking for sys/stat.h
configure:6474: gcc -c -g -O2 -ffile-prefix-map=/home/ryanZzz/SRC/butt/butt-0.1.37=. -fstack-protector-strong -Wformat -Werror=format-security -Wdate-time -D_FORTIFY_SOURCE=2 conftest.c >&5
configure:6474: $? = 0
configure:6474: result: yes
configure:6474: checking for sys/types.h
configure:6474: gcc -c -g -O2 -ffile-prefix-map=/home/ryanZzz/SRC/butt/butt-0.1.37=. -fstack-protector-strong -Wformat -Werror=format-security -Wdate-time -D_FORTIFY_SOURCE=2 conftest.c >&5
configure:6474: $? = 0
configure:6474: result: yes
configure:6474: checking for unistd.h
configure:6474: gcc -c -g -O2 -ffile-prefix-map=/home/ryanZzz/SRC/butt/butt-0.1.37=. -fstack-protector-strong -Wformat -Werror=format-security -Wdate-time -D_FORTIFY_SOURCE=2 conftest.c >&5
configure:6474: $? = 0
configure:6474: result: yes
configure:6499: checking for winsock2.h
configure:6499: gcc -c -g -O2 -ffile-prefix-map=/home/ryanZzz/SRC/butt/butt-0.1.37=. -fstack-protector-strong -Wformat -Werror=format-security -Wdate-time -D_FORTIFY_SOURCE=2 conftest.c >&5
conftest.c:61:10: fatal error: winsock2.h: No such file or directory
   61 | #include <winsock2.h>
      |          ^~~~~~~~~~~~
compilation terminated.
configure:6499: $? = 1
configure: failed program was:
| /* confdefs.h */
| #define PACKAGE_NAME "butt"
| #define PACKAGE_TARNAME "butt"
| #define PACKAGE_VERSION "0.1.37"
| #define PACKAGE_STRING "butt 0.1.37"
| #define PACKAGE_BUGREPORT "BUG-REPORT-ADDRESS"
| #define PACKAGE_URL ""
| #define PACKAGE "butt"
| #define VERSION "0.1.37"
| #define HAVE_LIBOGG 1
| #define HAVE_LIBVORBIS 1
| #define HAVE_LIBVORBISENC 1
| #define HAVE_LIBOPUS 1
| #define HAVE_LIBMP3LAME 1
| #define HAVE_LIBFLAC 1
| #define HAVE_LIBPORTAUDIO 1
| #define HAVE_LIBSAMPLERATE 1
| #define HAVE_LIBPTHREAD 1
| #define HAVE_LIBCURL 1
| #define HAVE_LIBSSL 1
| #define HAVE_LIBCRYPTO 1
| #define HAVE_STDIO_H 1
| #define HAVE_STDLIB_H 1
| #define HAVE_STRING_H 1
| #define HAVE_INTTYPES_H 1
| #define HAVE_STDINT_H 1
| #define HAVE_STRINGS_H 1
| #define HAVE_SYS_STAT_H 1
| #define HAVE_SYS_TYPES_H 1
| #define HAVE_UNISTD_H 1
| #define STDC_HEADERS 1
| /* end confdefs.h.  */
| #include <stddef.h>
| #ifdef HAVE_STDIO_H
| # include <stdio.h>
| #endif
| #ifdef HAVE_STDLIB_H
| # include <stdlib.h>
| #endif
| #ifdef HAVE_STRING_H
| # include <string.h>
| #endif
| #ifdef HAVE_INTTYPES_H
| # include <inttypes.h>
| #endif
| #ifdef HAVE_STDINT_H
| # include <stdint.h>
| #endif
| #ifdef HAVE_STRINGS_H
| # include <strings.h>
| #endif
| #ifdef HAVE_SYS_TYPES_H
| # include <sys/types.h>
| #endif
| #ifdef HAVE_SYS_STAT_H
| # include <sys/stat.h>
| #endif
| #ifdef HAVE_UNISTD_H
| # include <unistd.h>
| #endif
| #include <winsock2.h>
configure:6499: result: no
configure:6509: checking for a sed that does not truncate output
configure:6579: result: /usr/bin/sed
configure:6585: checking whether NLS is requested
configure:6595: result: yes
configure:6635: checking for msgfmt
configure: trying /usr/bin/msgfmt...
0 translated messages.
configure:6668: result: /usr/bin/msgfmt
configure:6677: checking for gmsgfmt
configure:6713: result: /usr/bin/msgfmt
configure:6763: checking for xgettext
configure: trying /usr/bin/xgettext...
/usr/bin/xgettext: warning: file '/dev/null' extension '' is unknown; will try C
configure:6796: result: /usr/bin/xgettext
configure:6841: checking for msgmerge
configure: trying /usr/bin/msgmerge...
configure:6873: result: /usr/bin/msgmerge
configure:6932: checking for ld used by gcc
configure:7000: result: /usr/bin/ld
configure:7007: checking if the linker (/usr/bin/ld) is GNU ld
configure:7023: result: yes
configure:7031: checking for shared library run path origin
configure:7045: result: done
configure:7070: checking how to run the C preprocessor
configure:7096: gcc -E -Wdate-time -D_FORTIFY_SOURCE=2 conftest.c
configure:7096: $? = 0
configure:7111: gcc -E -Wdate-time -D_FORTIFY_SOURCE=2 conftest.c
conftest.c:33:10: fatal error: ac_nonexistent.h: No such file or directory
   33 | #include <ac_nonexistent.h>
      |          ^~~~~~~~~~~~~~~~~~
compilation terminated.
configure:7111: $? = 1
configure: failed program was:
| /* confdefs.h */
| #define PACKAGE_NAME "butt"
| #define PACKAGE_TARNAME "butt"
| #define PACKAGE_VERSION "0.1.37"
| #define PACKAGE_STRING "butt 0.1.37"
| #define PACKAGE_BUGREPORT "BUG-REPORT-ADDRESS"
| #define PACKAGE_URL ""
| #define PACKAGE "butt"
| #define VERSION "0.1.37"
| #define HAVE_LIBOGG 1
| #define HAVE_LIBVORBIS 1
| #define HAVE_LIBVORBISENC 1
| #define HAVE_LIBOPUS 1
| #define HAVE_LIBMP3LAME 1
| #define HAVE_LIBFLAC 1
| #define HAVE_LIBPORTAUDIO 1
| #define HAVE_LIBSAMPLERATE 1
| #define HAVE_LIBPTHREAD 1
| #define HAVE_LIBCURL 1
| #define HAVE_LIBSSL 1
| #define HAVE_LIBCRYPTO 1
| #define HAVE_STDIO_H 1
| #define HAVE_STDLIB_H 1
| #define HAVE_STRING_H 1
| #define HAVE_INTTYPES_H 1
| #define HAVE_STDINT_H 1
| #define HAVE_STRINGS_H 1
| #define HAVE_SYS_STAT_H 1
| #define HAVE_SYS_TYPES_H 1
| #define HAVE_UNISTD_H 1
| #define STDC_HEADERS 1
| /* end confdefs.h.  */
| #include <ac_nonexistent.h>
configure:7138: result: gcc -E
configure:7152: gcc -E -Wdate-time -D_FORTIFY_SOURCE=2 conftest.c
configure:7152: $? = 0
configure:7167: gcc -E -Wdate-time -D_FORTIFY_SOURCE=2 conftest.c
conftest.c:33:10: fatal error: ac_nonexistent.h: No such file or directory
   33 | #include <ac_nonexistent.h>
      |          ^~~~~~~~~~~~~~~~~~
compilation terminated.
configure:7167: $? = 1
configure: failed program was:
| /* confdefs.h */
| #define PACKAGE_NAME "butt"
| #define PACKAGE_TARNAME "butt"
| #define PACKAGE_VERSION "0.1.37"
| #define PACKAGE_STRING "butt 0.1.37"
| #define PACKAGE_BUGREPORT "BUG-REPORT-ADDRESS"
| #define PACKAGE_URL ""
| #define PACKAGE "butt"
| #define VERSION "0.1.37"
| #define HAVE_LIBOGG 1
| #define HAVE_LIBVORBIS 1
| #define HAVE_LIBVORBISENC 1
| #define HAVE_LIBOPUS 1
| #define HAVE_LIBMP3LAME 1
| #define HAVE_LIBFLAC 1
| #define HAVE_LIBPORTAUDIO 1
| #define HAVE_LIBSAMPLERATE 1
| #define HAVE_LIBPTHREAD 1
| #define HAVE_LIBCURL 1
| #define HAVE_LIBSSL 1
| #define HAVE_LIBCRYPTO 1
| #define HAVE_STDIO_H 1
| #define HAVE_STDLIB_H 1
| #define HAVE_STRING_H 1
| #define HAVE_INTTYPES_H 1
| #define HAVE_STDINT_H 1
| #define HAVE_STRINGS_H 1
| #define HAVE_SYS_STAT_H 1
| #define HAVE_SYS_TYPES_H 1
| #define HAVE_UNISTD_H 1
| #define STDC_HEADERS 1
| /* end confdefs.h.  */
| #include <ac_nonexistent.h>
configure:7198: checking for grep that handles long lines and -e
configure:7262: result: /usr/bin/grep
configure:7267: checking for egrep
configure:7335: result: /usr/bin/grep -E
configure:7896: checking for CFPreferencesCopyAppValue
configure:7915: gcc -o conftest -g -O2 -ffile-prefix-map=/home/ryanZzz/SRC/butt/butt-0.1.37=. -fstack-protector-strong -Wformat -Werror=format-security -Wdate-time -D_FORTIFY_SOURCE=2 -Wl,-z,relro -Wl,-z,now -L/usr/local/lib conftest.c -lcrypto -lssl -lcurl -lpthread -lsamplerate -lportaudio -lFLAC -lmp3lame -lopus -lvorbisenc -lvorbis -logg  -Wl,-framework -Wl,CoreFoundation >&5
conftest.c:33:10: fatal error: CoreFoundation/CFPreferences.h: No such file or directory
   33 | #include <CoreFoundation/CFPreferences.h>
      |          ^~~~~~~~~~~~~~~~~~~~~~~~~~~~~~~~
compilation terminated.
configure:7915: $? = 1
configure: failed program was:
| /* confdefs.h */
| #define PACKAGE_NAME "butt"
| #define PACKAGE_TARNAME "butt"
| #define PACKAGE_VERSION "0.1.37"
| #define PACKAGE_STRING "butt 0.1.37"
| #define PACKAGE_BUGREPORT "BUG-REPORT-ADDRESS"
| #define PACKAGE_URL ""
| #define PACKAGE "butt"
| #define VERSION "0.1.37"
| #define HAVE_LIBOGG 1
| #define HAVE_LIBVORBIS 1
| #define HAVE_LIBVORBISENC 1
| #define HAVE_LIBOPUS 1
| #define HAVE_LIBMP3LAME 1
| #define HAVE_LIBFLAC 1
| #define HAVE_LIBPORTAUDIO 1
| #define HAVE_LIBSAMPLERATE 1
| #define HAVE_LIBPTHREAD 1
| #define HAVE_LIBCURL 1
| #define HAVE_LIBSSL 1
| #define HAVE_LIBCRYPTO 1
| #define HAVE_STDIO_H 1
| #define HAVE_STDLIB_H 1
| #define HAVE_STRING_H 1
| #define HAVE_INTTYPES_H 1
| #define HAVE_STDINT_H 1
| #define HAVE_STRINGS_H 1
| #define HAVE_SYS_STAT_H 1
| #define HAVE_SYS_TYPES_H 1
| #define HAVE_UNISTD_H 1
| #define STDC_HEADERS 1
| /* end confdefs.h.  */
| #include <CoreFoundation/CFPreferences.h>
| int
| main (void)
| {
| CFPreferencesCopyAppValue(NULL, NULL)
|   ;
|   return 0;
| }
configure:7925: result: no
configure:7932: checking for CFLocaleCopyCurrent
configure:7951: gcc -o conftest -g -O2 -ffile-prefix-map=/home/ryanZzz/SRC/butt/butt-0.1.37=. -fstack-protector-strong -Wformat -Werror=format-security -Wdate-time -D_FORTIFY_SOURCE=2 -Wl,-z,relro -Wl,-z,now -L/usr/local/lib conftest.c -lcrypto -lssl -lcurl -lpthread -lsamplerate -lportaudio -lFLAC -lmp3lame -lopus -lvorbisenc -lvorbis -logg  -Wl,-framework -Wl,CoreFoundation >&5
conftest.c:33:10: fatal error: CoreFoundation/CFLocale.h: No such file or directory
   33 | #include <CoreFoundation/CFLocale.h>
      |          ^~~~~~~~~~~~~~~~~~~~~~~~~~~
compilation terminated.
configure:7951: $? = 1
configure: failed program was:
| /* confdefs.h */
| #define PACKAGE_NAME "butt"
| #define PACKAGE_TARNAME "butt"
| #define PACKAGE_VERSION "0.1.37"
| #define PACKAGE_STRING "butt 0.1.37"
| #define PACKAGE_BUGREPORT "BUG-REPORT-ADDRESS"
| #define PACKAGE_URL ""
| #define PACKAGE "butt"
| #define VERSION "0.1.37"
| #define HAVE_LIBOGG 1
| #define HAVE_LIBVORBIS 1
| #define HAVE_LIBVORBISENC 1
| #define HAVE_LIBOPUS 1
| #define HAVE_LIBMP3LAME 1
| #define HAVE_LIBFLAC 1
| #define HAVE_LIBPORTAUDIO 1
| #define HAVE_LIBSAMPLERATE 1
| #define HAVE_LIBPTHREAD 1
| #define HAVE_LIBCURL 1
| #define HAVE_LIBSSL 1
| #define HAVE_LIBCRYPTO 1
| #define HAVE_STDIO_H 1
| #define HAVE_STDLIB_H 1
| #define HAVE_STRING_H 1
| #define HAVE_INTTYPES_H 1
| #define HAVE_STDINT_H 1
| #define HAVE_STRINGS_H 1
| #define HAVE_SYS_STAT_H 1
| #define HAVE_SYS_TYPES_H 1
| #define HAVE_UNISTD_H 1
| #define STDC_HEADERS 1
| /* end confdefs.h.  */
| #include <CoreFoundation/CFLocale.h>
| int
| main (void)
| {
| CFLocaleCopyCurrent();
|   ;
|   return 0;
| }
configure:7961: result: no
configure:8010: checking for GNU gettext in libc
configure:8035: gcc -o conftest -g -O2 -ffile-prefix-map=/home/ryanZzz/SRC/butt/butt-0.1.37=. -fstack-protector-strong -Wformat -Werror=format-security -Wdate-time -D_FORTIFY_SOURCE=2 -Wl,-z,relro -Wl,-z,now -L/usr/local/lib conftest.c -lcrypto -lssl -lcurl -lpthread -lsamplerate -lportaudio -lFLAC -lmp3lame -lopus -lvorbisenc -lvorbis -logg  >&5
configure:8035: $? = 0
configure:8045: result: yes
configure:8883: checking whether to use NLS
configure:8885: result: yes
configure:8888: checking where the gettext function comes from
configure:8899: result: libc
configure:8977: Linux detected
configure:9169: checking for fltk-config
configure:9190: found /usr/bin/fltk-config
configure:9201: result: fltk-config
configure:9212: checking for main in -lfltk
configure:9232: gcc -o conftest -g -O2 -ffile-prefix-map=/home/ryanZzz/SRC/butt/butt-0.1.37=. -fstack-protector-strong -Wformat -Werror=format-security -Wdate-time -D_FORTIFY_SOURCE=2 -Wl,-z,relro -Wl,-z,now -L/usr/local/lib conftest.c -lfltk  -lcrypto -lssl -lcurl -lpthread -lsamplerate -lportaudio -lFLAC -lmp3lame -lopus -lvorbisenc -lvorbis -logg  >&5
configure:9232: $? = 0
configure:9242: result: yes
configure:9263: 
configure:9324: checking for pkg-config
configure:9347: found /usr/bin/pkg-config
configure:9359: result: /usr/bin/pkg-config
configure:9384: checking pkg-config is at least version 0.9.0
configure:9387: result: yes
configure:9397: checking for dbus-1
configure:9404: $PKG_CONFIG --exists --print-errors "dbus-1"
configure:9407: $? = 0
configure:9421: $PKG_CONFIG --exists --print-errors "dbus-1"
configure:9424: $? = 0
configure:9472: result: yes
configure:9582: checking for X
configure:9620: gcc -o conftest -g -O2 -ffile-prefix-map=/home/ryanZzz/SRC/butt/butt-0.1.37=. -fstack-protector-strong -Wformat -Werror=format-security -lcrypto -lssl -lcurl -lpthread -lsamplerate -lportaudio -lFLAC -lmp3lame -lopus -lvorbisenc -lvorbis -logg  -lfltk_images -lfltk -lX11 -ldbus-1 -I/usr/include/dbus-1.0 -I/usr/lib/x86_64-linux-gnu/dbus-1.0/include -Wdate-time -D_FORTIFY_SOURCE=2 -Wl,-z,relro -Wl,-z,now -L/usr/local/lib conftest.c -lX11 -lcrypto -lssl -lcurl -lpthread -lsamplerate -lportaudio -lFLAC -lmp3lame -lopus -lvorbisenc -lvorbis -logg  -lfltk_images -lfltk -lX11 -ldbus-1 -lX11 >&5
configure:9620: $? = 0
configure:9807: result: libraries , headers 
configure:9811: checking for fcntl.h
configure:9811: gcc -c -g -O2 -ffile-prefix-map=/home/ryanZzz/SRC/butt/butt-0.1.37=. -fstack-protector-strong -Wformat -Werror=format-security -lcrypto -lssl -lcurl -lpthread -lsamplerate -lportaudio -lFLAC -lmp3lame -lopus -lvorbisenc -lvorbis -logg  -lfltk_images -lfltk -lX11 -ldbus-1 -I/usr/include/dbus-1.0 -I/usr/lib/x86_64-linux-gnu/dbus-1.0/include -Wdate-time -D_FORTIFY_SOURCE=2 conftest.c >&5
configure:9811: $? = 0
configure:9811: result: yes
configure:9817: checking for limits.h
configure:9817: gcc -c -g -O2 -ffile-prefix-map=/home/ryanZzz/SRC/butt/butt-0.1.37=. -fstack-protector-strong -Wformat -Werror=format-security -lcrypto -lssl -lcurl -lpthread -lsamplerate -lportaudio -lFLAC -lmp3lame -lopus -lvorbisenc -lvorbis -logg  -lfltk_images -lfltk -lX11 -ldbus-1 -I/usr/include/dbus-1.0 -I/usr/lib/x86_64-linux-gnu/dbus-1.0/include -Wdate-time -D_FORTIFY_SOURCE=2 conftest.c >&5
configure:9817: $? = 0
configure:9817: result: yes
configure:9823: checking for netdb.h
configure:9823: gcc -c -g -O2 -ffile-prefix-map=/home/ryanZzz/SRC/butt/butt-0.1.37=. -fstack-protector-strong -Wformat -Werror=format-security -lcrypto -lssl -lcurl -lpthread -lsamplerate -lportaudio -lFLAC -lmp3lame -lopus -lvorbisenc -lvorbis -logg  -lfltk_images -lfltk -lX11 -ldbus-1 -I/usr/include/dbus-1.0 -I/usr/lib/x86_64-linux-gnu/dbus-1.0/include -Wdate-time -D_FORTIFY_SOURCE=2 conftest.c >&5
configure:9823: $? = 0
configure:9823: result: yes
configure:9829: checking for netinet/in.h
configure:9829: gcc -c -g -O2 -ffile-prefix-map=/home/ryanZzz/SRC/butt/butt-0.1.37=. -fstack-protector-strong -Wformat -Werror=format-security -lcrypto -lssl -lcurl -lpthread -lsamplerate -lportaudio -lFLAC -lmp3lame -lopus -lvorbisenc -lvorbis -logg  -lfltk_images -lfltk -lX11 -ldbus-1 -I/usr/include/dbus-1.0 -I/usr/lib/x86_64-linux-gnu/dbus-1.0/include -Wdate-time -D_FORTIFY_SOURCE=2 conftest.c >&5
configure:9829: $? = 0
configure:9829: result: yes
configure:9835: checking for stdlib.h
configure:9835: result: yes
configure:9841: checking for string.h
configure:9841: result: yes
configure:9847: checking for sys/socket.h
configure:9847: gcc -c -g -O2 -ffile-prefix-map=/home/ryanZzz/SRC/butt/butt-0.1.37=. -fstack-protector-strong -Wformat -Werror=format-security -lcrypto -lssl -lcurl -lpthread -lsamplerate -lportaudio -lFLAC -lmp3lame -lopus -lvorbisenc -lvorbis -logg  -lfltk_images -lfltk -lX11 -ldbus-1 -I/usr/include/dbus-1.0 -I/usr/lib/x86_64-linux-gnu/dbus-1.0/include -Wdate-time -D_FORTIFY_SOURCE=2 conftest.c >&5
configure:9847: $? = 0
configure:9847: result: yes
configure:9853: checking for unistd.h
configure:9853: result: yes
configure:9862: checking for _Bool
configure:9862: gcc -c -g -O2 -ffile-prefix-map=/home/ryanZzz/SRC/butt/butt-0.1.37=. -fstack-protector-strong -Wformat -Werror=format-security -lcrypto -lssl -lcurl -lpthread -lsamplerate -lportaudio -lFLAC -lmp3lame -lopus -lvorbisenc -lvorbis -logg  -lfltk_images -lfltk -lX11 -ldbus-1 -I/usr/include/dbus-1.0 -I/usr/lib/x86_64-linux-gnu/dbus-1.0/include -Wdate-time -D_FORTIFY_SOURCE=2 conftest.c >&5
configure:9862: $? = 0
configure:9862: gcc -c -g -O2 -ffile-prefix-map=/home/ryanZzz/SRC/butt/butt-0.1.37=. -fstack-protector-strong -Wformat -Werror=format-security -lcrypto -lssl -lcurl -lpthread -lsamplerate -lportaudio -lFLAC -lmp3lame -lopus -lvorbisenc -lvorbis -logg  -lfltk_images -lfltk -lX11 -ldbus-1 -I/usr/include/dbus-1.0 -I/usr/lib/x86_64-linux-gnu/dbus-1.0/include -Wdate-time -D_FORTIFY_SOURCE=2 conftest.c >&5
conftest.c: In function 'main':
conftest.c:76:20: error: expected expression before ')' token
   76 | if (sizeof ((_Bool)))
      |                    ^
configure:9862: $? = 1
configure: failed program was:
| /* confdefs.h */
| #define PACKAGE_NAME "butt"
| #define PACKAGE_TARNAME "butt"
| #define PACKAGE_VERSION "0.1.37"
| #define PACKAGE_STRING "butt 0.1.37"
| #define PACKAGE_BUGREPORT "BUG-REPORT-ADDRESS"
| #define PACKAGE_URL ""
| #define PACKAGE "butt"
| #define VERSION "0.1.37"
| #define HAVE_LIBOGG 1
| #define HAVE_LIBVORBIS 1
| #define HAVE_LIBVORBISENC 1
| #define HAVE_LIBOPUS 1
| #define HAVE_LIBMP3LAME 1
| #define HAVE_LIBFLAC 1
| #define HAVE_LIBPORTAUDIO 1
| #define HAVE_LIBSAMPLERATE 1
| #define HAVE_LIBPTHREAD 1
| #define HAVE_LIBCURL 1
| #define HAVE_LIBSSL 1
| #define HAVE_LIBCRYPTO 1
| #define HAVE_STDIO_H 1
| #define HAVE_STDLIB_H 1
| #define HAVE_STRING_H 1
| #define HAVE_INTTYPES_H 1
| #define HAVE_STDINT_H 1
| #define HAVE_STRINGS_H 1
| #define HAVE_SYS_STAT_H 1
| #define HAVE_SYS_TYPES_H 1
| #define HAVE_UNISTD_H 1
| #define STDC_HEADERS 1
| #define ENABLE_NLS 1
| #define HAVE_GETTEXT 1
| #define HAVE_DCGETTEXT 1
| #define HAVE_DBUS 1
| #define HAVE_FCNTL_H 1
| #define HAVE_LIMITS_H 1
| #define HAVE_NETDB_H 1
| #define HAVE_NETINET_IN_H 1
| #define HAVE_STDLIB_H 1
| #define HAVE_STRING_H 1
| #define HAVE_SYS_SOCKET_H 1
| #define HAVE_UNISTD_H 1
| /* end confdefs.h.  */
| #include <stddef.h>
| #ifdef HAVE_STDIO_H
| # include <stdio.h>
| #endif
| #ifdef HAVE_STDLIB_H
| # include <stdlib.h>
| #endif
| #ifdef HAVE_STRING_H
| # include <string.h>
| #endif
| #ifdef HAVE_INTTYPES_H
| # include <inttypes.h>
| #endif
| #ifdef HAVE_STDINT_H
| # include <stdint.h>
| #endif
| #ifdef HAVE_STRINGS_H
| # include <strings.h>
| #endif
| #ifdef HAVE_SYS_TYPES_H
| # include <sys/types.h>
| #endif
| #ifdef HAVE_SYS_STAT_H
| # include <sys/stat.h>
| #endif
| #ifdef HAVE_UNISTD_H
| # include <unistd.h>
| #endif
| int
| main (void)
| {
| if (sizeof ((_Bool)))
| 	    return 0;
|   ;
|   return 0;
| }
configure:9862: result: yes
configure:9871: checking for stdbool.h that conforms to C99
configure:9987: gcc -c -g -O2 -ffile-prefix-map=/home/ryanZzz/SRC/butt/butt-0.1.37=. -fstack-protector-strong -Wformat -Werror=format-security -lcrypto -lssl -lcurl -lpthread -lsamplerate -lportaudio -lFLAC -lmp3lame -lopus -lvorbisenc -lvorbis -logg  -lfltk_images -lfltk -lX11 -ldbus-1 -I/usr/include/dbus-1.0 -I/usr/lib/x86_64-linux-gnu/dbus-1.0/include -Wdate-time -D_FORTIFY_SOURCE=2 conftest.c >&5
configure:9987: $? = 0
configure:9995: result: yes
configure:10004: checking for inline
configure:10021: gcc -c -g -O2 -ffile-prefix-map=/home/ryanZzz/SRC/butt/butt-0.1.37=. -fstack-protector-strong -Wformat -Werror=format-security -lcrypto -lssl -lcurl -lpthread -lsamplerate -lportaudio -lFLAC -lmp3lame -lopus -lvorbisenc -lvorbis -logg  -lfltk_images -lfltk -lX11 -ldbus-1 -I/usr/include/dbus-1.0 -I/usr/lib/x86_64-linux-gnu/dbus-1.0/include -Wdate-time -D_FORTIFY_SOURCE=2 conftest.c >&5
configure:10021: $? = 0
configure:10030: result: inline
configure:10052: checking for gethostbyaddr
configure:10052: gcc -o conftest -g -O2 -ffile-prefix-map=/home/ryanZzz/SRC/butt/butt-0.1.37=. -fstack-protector-strong -Wformat -Werror=format-security -lcrypto -lssl -lcurl -lpthread -lsamplerate -lportaudio -lFLAC -lmp3lame -lopus -lvorbisenc -lvorbis -logg  -lfltk_images -lfltk -lX11 -ldbus-1 -I/usr/include/dbus-1.0 -I/usr/lib/x86_64-linux-gnu/dbus-1.0/include -Wdate-time -D_FORTIFY_SOURCE=2 -Wl,-z,relro -Wl,-z,now -L/usr/local/lib conftest.c -lcrypto -lssl -lcurl -lpthread -lsamplerate -lportaudio -lFLAC -lmp3lame -lopus -lvorbisenc -lvorbis -logg  -lfltk_images -lfltk -lX11 -ldbus-1 -lX11 >&5
configure:10052: $? = 0
configure:10052: result: yes
configure:10058: checking for gethostbyname
configure:10058: gcc -o conftest -g -O2 -ffile-prefix-map=/home/ryanZzz/SRC/butt/butt-0.1.37=. -fstack-protector-strong -Wformat -Werror=format-security -lcrypto -lssl -lcurl -lpthread -lsamplerate -lportaudio -lFLAC -lmp3lame -lopus -lvorbisenc -lvorbis -logg  -lfltk_images -lfltk -lX11 -ldbus-1 -I/usr/include/dbus-1.0 -I/usr/lib/x86_64-linux-gnu/dbus-1.0/include -Wdate-time -D_FORTIFY_SOURCE=2 -Wl,-z,relro -Wl,-z,now -L/usr/local/lib conftest.c -lcrypto -lssl -lcurl -lpthread -lsamplerate -lportaudio -lFLAC -lmp3lame -lopus -lvorbisenc -lvorbis -logg  -lfltk_images -lfltk -lX11 -ldbus-1 -lX11 >&5
configure:10058: $? = 0
configure:10058: result: yes
configure:10064: checking for memset
configure:10064: gcc -o conftest -g -O2 -ffile-prefix-map=/home/ryanZzz/SRC/butt/butt-0.1.37=. -fstack-protector-strong -Wformat -Werror=format-security -lcrypto -lssl -lcurl -lpthread -lsamplerate -lportaudio -lFLAC -lmp3lame -lopus -lvorbisenc -lvorbis -logg  -lfltk_images -lfltk -lX11 -ldbus-1 -I/usr/include/dbus-1.0 -I/usr/lib/x86_64-linux-gnu/dbus-1.0/include -Wdate-time -D_FORTIFY_SOURCE=2 -Wl,-z,relro -Wl,-z,now -L/usr/local/lib conftest.c -lcrypto -lssl -lcurl -lpthread -lsamplerate -lportaudio -lFLAC -lmp3lame -lopus -lvorbisenc -lvorbis -logg  -lfltk_images -lfltk -lX11 -ldbus-1 -lX11 >&5
conftest.c:65:6: warning: conflicting types for built-in function 'memset'; expected 'void *(void *, int,  long unsigned int)' [-Wbuiltin-declaration-mismatch]
   65 | char memset ();
      |      ^~~~~~
conftest.c:57:1: note: 'memset' is declared in header '<string.h>'
   56 | #include <limits.h>
   57 | #undef memset
configure:10064: $? = 0
configure:10064: result: yes
configure:10070: checking for pow
configure:10070: gcc -o conftest -g -O2 -ffile-prefix-map=/home/ryanZzz/SRC/butt/butt-0.1.37=. -fstack-protector-strong -Wformat -Werror=format-security -lcrypto -lssl -lcurl -lpthread -lsamplerate -lportaudio -lFLAC -lmp3lame -lopus -lvorbisenc -lvorbis -logg  -lfltk_images -lfltk -lX11 -ldbus-1 -I/usr/include/dbus-1.0 -I/usr/lib/x86_64-linux-gnu/dbus-1.0/include -Wdate-time -D_FORTIFY_SOURCE=2 -Wl,-z,relro -Wl,-z,now -L/usr/local/lib conftest.c -lcrypto -lssl -lcurl -lpthread -lsamplerate -lportaudio -lFLAC -lmp3lame -lopus -lvorbisenc -lvorbis -logg  -lfltk_images -lfltk -lX11 -ldbus-1 -lX11 >&5
conftest.c:66:6: warning: conflicting types for built-in function 'pow'; expected 'double(double,  double)' [-Wbuiltin-declaration-mismatch]
   66 | char pow ();
      |      ^~~
conftest.c:58:1: note: 'pow' is declared in header '<math.h>'
   57 | #include <limits.h>
   58 | #undef pow
/usr/bin/ld: /tmp/ccsXWeNs.o: in function `main':
./conftest.c:77: undefined reference to `pow'
collect2: error: ld returned 1 exit status
configure:10070: $? = 1
configure: failed program was:
| /* confdefs.h */
| #define PACKAGE_NAME "butt"
| #define PACKAGE_TARNAME "butt"
| #define PACKAGE_VERSION "0.1.37"
| #define PACKAGE_STRING "butt 0.1.37"
| #define PACKAGE_BUGREPORT "BUG-REPORT-ADDRESS"
| #define PACKAGE_URL ""
| #define PACKAGE "butt"
| #define VERSION "0.1.37"
| #define HAVE_LIBOGG 1
| #define HAVE_LIBVORBIS 1
| #define HAVE_LIBVORBISENC 1
| #define HAVE_LIBOPUS 1
| #define HAVE_LIBMP3LAME 1
| #define HAVE_LIBFLAC 1
| #define HAVE_LIBPORTAUDIO 1
| #define HAVE_LIBSAMPLERATE 1
| #define HAVE_LIBPTHREAD 1
| #define HAVE_LIBCURL 1
| #define HAVE_LIBSSL 1
| #define HAVE_LIBCRYPTO 1
| #define HAVE_STDIO_H 1
| #define HAVE_STDLIB_H 1
| #define HAVE_STRING_H 1
| #define HAVE_INTTYPES_H 1
| #define HAVE_STDINT_H 1
| #define HAVE_STRINGS_H 1
| #define HAVE_SYS_STAT_H 1
| #define HAVE_SYS_TYPES_H 1
| #define HAVE_UNISTD_H 1
| #define STDC_HEADERS 1
| #define ENABLE_NLS 1
| #define HAVE_GETTEXT 1
| #define HAVE_DCGETTEXT 1
| #define HAVE_DBUS 1
| #define HAVE_FCNTL_H 1
| #define HAVE_LIMITS_H 1
| #define HAVE_NETDB_H 1
| #define HAVE_NETINET_IN_H 1
| #define HAVE_STDLIB_H 1
| #define HAVE_STRING_H 1
| #define HAVE_SYS_SOCKET_H 1
| #define HAVE_UNISTD_H 1
| #define HAVE__BOOL 1
| #define HAVE_STDBOOL_H 1
| #define HAVE_GETHOSTBYADDR 1
| #define HAVE_GETHOSTBYNAME 1
| #define HAVE_MEMSET 1
| /* end confdefs.h.  */
| /* Define pow to an innocuous variant, in case <limits.h> declares pow.
|    For example, HP-UX 11i <limits.h> declares gettimeofday.  */
| #define pow innocuous_pow
| 
| /* System header to define __stub macros and hopefully few prototypes,
|    which can conflict with char pow (); below.  */
| 
| #include <limits.h>
| #undef pow
| 
| /* Override any GCC internal prototype to avoid an error.
|    Use char because int might match the return type of a GCC
|    builtin and then its argument prototype would still apply.  */
| #ifdef __cplusplus
| extern "C"
| #endif
| char pow ();
| /* The GNU C library defines this for functions which it implements
|     to always fail with ENOSYS.  Some functions are actually named
|     something starting with __ and the normal name is an alias.  */
| #if defined __stub_pow || defined __stub___pow
| choke me
| #endif
| 
| int
| main (void)
| {
| return pow ();
|   ;
|   return 0;
| }
configure:10070: result: no
configure:10076: checking for select
configure:10076: gcc -o conftest -g -O2 -ffile-prefix-map=/home/ryanZzz/SRC/butt/butt-0.1.37=. -fstack-protector-strong -Wformat -Werror=format-security -lcrypto -lssl -lcurl -lpthread -lsamplerate -lportaudio -lFLAC -lmp3lame -lopus -lvorbisenc -lvorbis -logg  -lfltk_images -lfltk -lX11 -ldbus-1 -I/usr/include/dbus-1.0 -I/usr/lib/x86_64-linux-gnu/dbus-1.0/include -Wdate-time -D_FORTIFY_SOURCE=2 -Wl,-z,relro -Wl,-z,now -L/usr/local/lib conftest.c -lcrypto -lssl -lcurl -lpthread -lsamplerate -lportaudio -lFLAC -lmp3lame -lopus -lvorbisenc -lvorbis -logg  -lfltk_images -lfltk -lX11 -ldbus-1 -lX11 >&5
configure:10076: $? = 0
configure:10076: result: yes
configure:10082: checking for socket
configure:10082: gcc -o conftest -g -O2 -ffile-prefix-map=/home/ryanZzz/SRC/butt/butt-0.1.37=. -fstack-protector-strong -Wformat -Werror=format-security -lcrypto -lssl -lcurl -lpthread -lsamplerate -lportaudio -lFLAC -lmp3lame -lopus -lvorbisenc -lvorbis -logg  -lfltk_images -lfltk -lX11 -ldbus-1 -I/usr/include/dbus-1.0 -I/usr/lib/x86_64-linux-gnu/dbus-1.0/include -Wdate-time -D_FORTIFY_SOURCE=2 -Wl,-z,relro -Wl,-z,now -L/usr/local/lib conftest.c -lcrypto -lssl -lcurl -lpthread -lsamplerate -lportaudio -lFLAC -lmp3lame -lopus -lvorbisenc -lvorbis -logg  -lfltk_images -lfltk -lX11 -ldbus-1 -lX11 >&5
configure:10082: $? = 0
configure:10082: result: yes
configure:10088: checking for strchr
configure:10088: gcc -o conftest -g -O2 -ffile-prefix-map=/home/ryanZzz/SRC/butt/butt-0.1.37=. -fstack-protector-strong -Wformat -Werror=format-security -lcrypto -lssl -lcurl -lpthread -lsamplerate -lportaudio -lFLAC -lmp3lame -lopus -lvorbisenc -lvorbis -logg  -lfltk_images -lfltk -lX11 -ldbus-1 -I/usr/include/dbus-1.0 -I/usr/lib/x86_64-linux-gnu/dbus-1.0/include -Wdate-time -D_FORTIFY_SOURCE=2 -Wl,-z,relro -Wl,-z,now -L/usr/local/lib conftest.c -lcrypto -lssl -lcurl -lpthread -lsamplerate -lportaudio -lFLAC -lmp3lame -lopus -lvorbisenc -lvorbis -logg  -lfltk_images -lfltk -lX11 -ldbus-1 -lX11 >&5
conftest.c:68:6: warning: conflicting types for built-in function 'strchr'; expected 'char *(const char *, int)' [-Wbuiltin-declaration-mismatch]
   68 | char strchr ();
      |      ^~~~~~
conftest.c:60:1: note: 'strchr' is declared in header '<string.h>'
   59 | #include <limits.h>
   60 | #undef strchr
configure:10088: $? = 0
configure:10088: result: yes
configure:10094: checking for strdup
configure:10094: gcc -o conftest -g -O2 -ffile-prefix-map=/home/ryanZzz/SRC/butt/butt-0.1.37=. -fstack-protector-strong -Wformat -Werror=format-security -lcrypto -lssl -lcurl -lpthread -lsamplerate -lportaudio -lFLAC -lmp3lame -lopus -lvorbisenc -lvorbis -logg  -lfltk_images -lfltk -lX11 -ldbus-1 -I/usr/include/dbus-1.0 -I/usr/lib/x86_64-linux-gnu/dbus-1.0/include -Wdate-time -D_FORTIFY_SOURCE=2 -Wl,-z,relro -Wl,-z,now -L/usr/local/lib conftest.c -lcrypto -lssl -lcurl -lpthread -lsamplerate -lportaudio -lFLAC -lmp3lame -lopus -lvorbisenc -lvorbis -logg  -lfltk_images -lfltk -lX11 -ldbus-1 -lX11 >&5
conftest.c:69:6: warning: conflicting types for built-in function 'strdup'; expected 'char *(const char *)' [-Wbuiltin-declaration-mismatch]
   69 | char strdup ();
      |      ^~~~~~
configure:10094: $? = 0
configure:10094: result: yes
configure:10100: checking for strpbrk
configure:10100: gcc -o conftest -g -O2 -ffile-prefix-map=/home/ryanZzz/SRC/butt/butt-0.1.37=. -fstack-protector-strong -Wformat -Werror=format-security -lcrypto -lssl -lcurl -lpthread -lsamplerate -lportaudio -lFLAC -lmp3lame -lopus -lvorbisenc -lvorbis -logg  -lfltk_images -lfltk -lX11 -ldbus-1 -I/usr/include/dbus-1.0 -I/usr/lib/x86_64-linux-gnu/dbus-1.0/include -Wdate-time -D_FORTIFY_SOURCE=2 -Wl,-z,relro -Wl,-z,now -L/usr/local/lib conftest.c -lcrypto -lssl -lcurl -lpthread -lsamplerate -lportaudio -lFLAC -lmp3lame -lopus -lvorbisenc -lvorbis -logg  -lfltk_images -lfltk -lX11 -ldbus-1 -lX11 >&5
conftest.c:70:6: warning: conflicting types for built-in function 'strpbrk'; expected 'char *(const char *, const char *)' [-Wbuiltin-declaration-mismatch]
   70 | char strpbrk ();
      |      ^~~~~~~
conftest.c:62:1: note: 'strpbrk' is declared in header '<string.h>'
   61 | #include <limits.h>
   62 | #undef strpbrk
configure:10100: $? = 0
configure:10100: result: yes
configure:10106: checking for strrchr
configure:10106: gcc -o conftest -g -O2 -ffile-prefix-map=/home/ryanZzz/SRC/butt/butt-0.1.37=. -fstack-protector-strong -Wformat -Werror=format-security -lcrypto -lssl -lcurl -lpthread -lsamplerate -lportaudio -lFLAC -lmp3lame -lopus -lvorbisenc -lvorbis -logg  -lfltk_images -lfltk -lX11 -ldbus-1 -I/usr/include/dbus-1.0 -I/usr/lib/x86_64-linux-gnu/dbus-1.0/include -Wdate-time -D_FORTIFY_SOURCE=2 -Wl,-z,relro -Wl,-z,now -L/usr/local/lib conftest.c -lcrypto -lssl -lcurl -lpthread -lsamplerate -lportaudio -lFLAC -lmp3lame -lopus -lvorbisenc -lvorbis -logg  -lfltk_images -lfltk -lX11 -ldbus-1 -lX11 >&5
conftest.c:71:6: warning: conflicting types for built-in function 'strrchr'; expected 'char *(const char *, int)' [-Wbuiltin-declaration-mismatch]
   71 | char strrchr ();
      |      ^~~~~~~
conftest.c:63:1: note: 'strrchr' is declared in header '<string.h>'
   62 | #include <limits.h>
   63 | #undef strrchr
configure:10106: $? = 0
configure:10106: result: yes
configure:10112: checking for strstr
configure:10112: gcc -o conftest -g -O2 -ffile-prefix-map=/home/ryanZzz/SRC/butt/butt-0.1.37=. -fstack-protector-strong -Wformat -Werror=format-security -lcrypto -lssl -lcurl -lpthread -lsamplerate -lportaudio -lFLAC -lmp3lame -lopus -lvorbisenc -lvorbis -logg  -lfltk_images -lfltk -lX11 -ldbus-1 -I/usr/include/dbus-1.0 -I/usr/lib/x86_64-linux-gnu/dbus-1.0/include -Wdate-time -D_FORTIFY_SOURCE=2 -Wl,-z,relro -Wl,-z,now -L/usr/local/lib conftest.c -lcrypto -lssl -lcurl -lpthread -lsamplerate -lportaudio -lFLAC -lmp3lame -lopus -lvorbisenc -lvorbis -logg  -lfltk_images -lfltk -lX11 -ldbus-1 -lX11 >&5
conftest.c:72:6: warning: conflicting types for built-in function 'strstr'; expected 'char *(const char *, const char *)' [-Wbuiltin-declaration-mismatch]
   72 | char strstr ();
      |      ^~~~~~
conftest.c:64:1: note: 'strstr' is declared in header '<string.h>'
   63 | #include <limits.h>
   64 | #undef strstr
configure:10112: $? = 0
configure:10112: result: yes
configure:10118: checking for X509_check_host
configure:10118: gcc -o conftest -g -O2 -ffile-prefix-map=/home/ryanZzz/SRC/butt/butt-0.1.37=. -fstack-protector-strong -Wformat -Werror=format-security -lcrypto -lssl -lcurl -lpthread -lsamplerate -lportaudio -lFLAC -lmp3lame -lopus -lvorbisenc -lvorbis -logg  -lfltk_images -lfltk -lX11 -ldbus-1 -I/usr/include/dbus-1.0 -I/usr/lib/x86_64-linux-gnu/dbus-1.0/include -Wdate-time -D_FORTIFY_SOURCE=2 -Wl,-z,relro -Wl,-z,now -L/usr/local/lib conftest.c -lcrypto -lssl -lcurl -lpthread -lsamplerate -lportaudio -lFLAC -lmp3lame -lopus -lvorbisenc -lvorbis -logg  -lfltk_images -lfltk -lX11 -ldbus-1 -lX11 >&5
configure:10118: $? = 0
configure:10118: result: yes
configure:10229: checking that generated files are newer than configure
configure:10235: result: done
configure:10298: creating ./config.status

## ---------------------- ##
## Running config.status. ##
## ---------------------- ##

This file was extended by butt config.status 0.1.37, which was
generated by GNU Autoconf 2.71.  Invocation command line was

  CONFIG_FILES    = 
  CONFIG_HEADERS  = 
  CONFIG_LINKS    = 
  CONFIG_COMMANDS = 
  $ ./config.status 

on ryanZzz-PC

config.status:962: creating Makefile
config.status:962: creating po/Makefile.in
config.status:962: creating src/Makefile
config.status:962: creating config.h
config.status:1191: executing depfiles commands
config.status:1191: executing po-directories commands

## ---------------- ##
## Cache variables. ##
## ---------------- ##

ac_cv_build=x86_64-pc-linux-gnu
ac_cv_c_compiler_gnu=yes
ac_cv_c_inline=inline
ac_cv_cxx_compiler_gnu=yes
ac_cv_env_CCC_set=
ac_cv_env_CCC_value=
ac_cv_env_CC_set=
ac_cv_env_CC_value=
ac_cv_env_CFLAGS_set=set
ac_cv_env_CFLAGS_value='-g -O2 -ffile-prefix-map=/home/ryanZzz/SRC/butt/butt-0.1.37=. -fstack-protector-strong -Wformat -Werror=format-security'
ac_cv_env_CPPFLAGS_set=set
ac_cv_env_CPPFLAGS_value='-Wdate-time -D_FORTIFY_SOURCE=2'
ac_cv_env_CPP_set=
ac_cv_env_CPP_value=
ac_cv_env_CXXFLAGS_set=set
ac_cv_env_CXXFLAGS_value='-g -O2 -ffile-prefix-map=/home/ryanZzz/SRC/butt/butt-0.1.37=. -fstack-protector-strong -Wformat -Werror=format-security'
ac_cv_env_CXX_set=
ac_cv_env_CXX_value=
ac_cv_env_DBUS_CFLAGS_set=
ac_cv_env_DBUS_CFLAGS_value=
ac_cv_env_DBUS_LIBS_set=
ac_cv_env_DBUS_LIBS_value=
ac_cv_env_LDFLAGS_set=set
ac_cv_env_LDFLAGS_value='-Wl,-z,relro -Wl,-z,now'
ac_cv_env_LIBS_set=
ac_cv_env_LIBS_value=
ac_cv_env_OBJCFLAGS_set=set
ac_cv_env_OBJCFLAGS_value='-g -O2 -ffile-prefix-map=/home/ryanZzz/SRC/butt/butt-0.1.37=. -fstack-protector-strong -Wformat -Werror=format-security'
ac_cv_env_OBJC_set=
ac_cv_env_OBJC_value=
ac_cv_env_PKG_CONFIG_LIBDIR_set=
ac_cv_env_PKG_CONFIG_LIBDIR_value=
ac_cv_env_PKG_CONFIG_PATH_set=
ac_cv_env_PKG_CONFIG_PATH_value=
ac_cv_env_PKG_CONFIG_set=
ac_cv_env_PKG_CONFIG_value=
ac_cv_env_XMKMF_set=
ac_cv_env_XMKMF_value=
ac_cv_env_build_alias_set=set
ac_cv_env_build_alias_value=x86_64-linux-gnu
ac_cv_env_host_alias_set=
ac_cv_env_host_alias_value=
ac_cv_env_target_alias_set=
ac_cv_env_target_alias_value=
ac_cv_func_X509_check_host=yes
ac_cv_func_gethostbyaddr=yes
ac_cv_func_gethostbyname=yes
ac_cv_func_memset=yes
ac_cv_func_pow=no
ac_cv_func_select=yes
ac_cv_func_socket=yes
ac_cv_func_strchr=yes
ac_cv_func_strdup=yes
ac_cv_func_strpbrk=yes
ac_cv_func_strrchr=yes
ac_cv_func_strstr=yes
ac_cv_have_x='have_x=yes	ac_x_includes='\'''\''	ac_x_libraries='\'''\'''
ac_cv_header_fcntl_h=yes
ac_cv_header_inttypes_h=yes
ac_cv_header_limits_h=yes
ac_cv_header_netdb_h=yes
ac_cv_header_netinet_in_h=yes
ac_cv_header_stdbool_h=yes
ac_cv_header_stdint_h=yes
ac_cv_header_stdio_h=yes
ac_cv_header_stdlib_h=yes
ac_cv_header_string_h=yes
ac_cv_header_strings_h=yes
ac_cv_header_sys_socket_h=yes
ac_cv_header_sys_stat_h=yes
ac_cv_header_sys_types_h=yes
ac_cv_header_unistd_h=yes
ac_cv_header_winsock2_h=no
ac_cv_host=x86_64-pc-linux-gnu
ac_cv_lib_FLAC_FLAC__stream_encoder_new=yes
ac_cv_lib_crypto_EVP_EncryptInit=yes
ac_cv_lib_curl_curl_global_init=yes
ac_cv_lib_fltk_main=yes
ac_cv_lib_mp3lame_lame_init=yes
ac_cv_lib_ogg_ogg_stream_init=yes
ac_cv_lib_opus_opus_encoder_create=yes
ac_cv_lib_portaudio_Pa_Initialize=yes
ac_cv_lib_pthread_pthread_create=yes
ac_cv_lib_samplerate_src_new=yes
ac_cv_lib_ssl_SSL_CTX_new=yes
ac_cv_lib_vorbis_vorbis_info_init=yes
ac_cv_lib_vorbisenc_vorbis_encode_init=yes
ac_cv_objc_compiler_gnu=no
ac_cv_objext=o
ac_cv_path_EGREP='/usr/bin/grep -E'
ac_cv_path_GMSGFMT=/usr/bin/msgfmt
ac_cv_path_GREP=/usr/bin/grep
ac_cv_path_MSGFMT=/usr/bin/msgfmt
ac_cv_path_MSGMERGE=/usr/bin/msgmerge
ac_cv_path_SED=/usr/bin/sed
ac_cv_path_XGETTEXT=/usr/bin/xgettext
ac_cv_path_ac_pt_PKG_CONFIG=/usr/bin/pkg-config
ac_cv_path_install='/usr/bin/install -c'
ac_cv_path_mkdir=/usr/bin/mkdir
ac_cv_prog_AWK=gawk
ac_cv_prog_CPP='gcc -E'
ac_cv_prog_FLTKCONFIG=fltk-config
ac_cv_prog_ac_ct_CC=gcc
ac_cv_prog_ac_ct_CXX=g++
ac_cv_prog_ac_ct_OBJC=gcc
ac_cv_prog_cc_c11=
ac_cv_prog_cc_g=yes
ac_cv_prog_cc_stdc=
ac_cv_prog_cxx_11=no
ac_cv_prog_cxx_cxx11=
ac_cv_prog_cxx_g=yes
ac_cv_prog_cxx_stdcxx=
ac_cv_prog_make_make_set=yes
ac_cv_prog_objc_g=no
ac_cv_type__Bool=yes
acl_cv_hardcode_direct=no
acl_cv_hardcode_libdir_flag_spec='${wl}-rpath ${wl}$libdir'
acl_cv_hardcode_libdir_separator=
acl_cv_hardcode_minus_L=no
acl_cv_libext=a
acl_cv_libname_spec='lib$name'
acl_cv_library_names_spec='$libname$shrext'
acl_cv_path_LD=/usr/bin/ld
acl_cv_prog_gnu_ld=yes
acl_cv_rpath=done
acl_cv_shlibext=so
acl_cv_wl=-Wl,
am_cv_CC_dependencies_compiler_type=none
am_cv_CXX_dependencies_compiler_type=none
am_cv_OBJC_dependencies_compiler_type=none
am_cv_make_support_nested_variables=yes
am_cv_prog_cc_c_o=yes
gt_cv_func_CFLocaleCopyCurrent=no
gt_cv_func_CFPreferencesCopyAppValue=no
gt_cv_func_gnugettext1_libc=yes
pkg_cv_DBUS_CFLAGS='-I/usr/include/dbus-1.0 -I/usr/lib/x86_64-linux-gnu/dbus-1.0/include'
pkg_cv_DBUS_LIBS=-ldbus-1

## ----------------- ##
## Output variables. ##
## ----------------- ##

ACLOCAL='${SHELL} '\''/home/ryanZzz/SRC/butt/butt-0.1.37/missing'\'' aclocal-1.16'
AMDEPBACKSLASH=''
AMDEP_FALSE=''
AMDEP_TRUE='#'
AMTAR='$${TAR-tar}'
AM_BACKSLASH='\'
AM_DEFAULT_V='$(AM_DEFAULT_VERBOSITY)'
AM_DEFAULT_VERBOSITY='1'
AM_V='$(V)'
AUTOCONF='${SHELL} '\''/home/ryanZzz/SRC/butt/butt-0.1.37/missing'\'' autoconf'
AUTOHEADER='${SHELL} '\''/home/ryanZzz/SRC/butt/butt-0.1.37/missing'\'' autoheader'
AUTOMAKE='${SHELL} '\''/home/ryanZzz/SRC/butt/butt-0.1.37/missing'\'' automake-1.16'
AWK='gawk'
CC='gcc'
CCDEPMODE='depmode=none'
CFLAGS='-g -O2 -ffile-prefix-map=/home/ryanZzz/SRC/butt/butt-0.1.37=. -fstack-protector-strong -Wformat -Werror=format-security -lcrypto -lssl -lcurl -lpthread -lsamplerate -lportaudio -lFLAC -lmp3lame -lopus -lvorbisenc -lvorbis -logg  -lfltk_images -lfltk -lX11 -ldbus-1 -I/usr/include/dbus-1.0 -I/usr/lib/x86_64-linux-gnu/dbus-1.0/include'
CLIENT_ONLY_FALSE=''
CLIENT_ONLY_TRUE='#'
CPP='gcc -E'
CPPFLAGS='-Wdate-time -D_FORTIFY_SOURCE=2'
CSCOPE='cscope'
CTAGS='ctags'
CXX='g++'
CXXDEPMODE='depmode=none'
CXXFLAGS='-g -O2 -ffile-prefix-map=/home/ryanZzz/SRC/butt/butt-0.1.37=. -fstack-protector-strong -Wformat -Werror=format-security -O2 -I/usr/include/cairo -I/usr/include/glib-2.0 -I/usr/lib/x86_64-linux-gnu/glib-2.0/include -I/usr/include/pixman-1 -I/usr/include/uuid -I/usr/include/freetype2 -I/usr/include/libpng16 -I/usr/include/uuid -I/usr/include/freetype2 -I/usr/include/libpng16 -I/usr/include/cairo -I/usr/include/glib-2.0 -I/usr/lib/x86_64-linux-gnu/glib-2.0/include -I/usr/include/pixman-1 -I/usr/include/uuid -I/usr/include/freetype2 -I/usr/include/libpng16  -I/usr/include/dbus-1.0 -I/usr/lib/x86_64-linux-gnu/dbus-1.0/include'
CYGPATH_W='echo'
DBUS_CFLAGS='-I/usr/include/dbus-1.0 -I/usr/lib/x86_64-linux-gnu/dbus-1.0/include'
DBUS_LIBS='-ldbus-1'
DEFS='-DHAVE_CONFIG_H'
DEPDIR='.deps'
ECHO_C=''
ECHO_N='-n'
ECHO_T=''
EGREP='/usr/bin/grep -E'
ETAGS='etags'
EXEEXT=''
FLTKCONFIG='fltk-config'
FREEBSD_FALSE=''
FREEBSD_TRUE='#'
GETTEXT_MACRO_VERSION='0.19'
GMSGFMT='/usr/bin/msgfmt'
GMSGFMT_015='/usr/bin/msgfmt'
GREP='/usr/bin/grep'
INSTALL_DATA='${INSTALL} -m 644'
INSTALL_PROGRAM='${INSTALL}'
INSTALL_SCRIPT='${INSTALL}'
INSTALL_STRIP_PROGRAM='$(install_sh) -c -s'
INTLLIBS=''
INTL_MACOSX_LIBS=''
LDFLAGS='-Wl,-z,relro -Wl,-z,now -L/usr/local/lib'
LIBICONV='-liconv'
LIBINTL=''
LIBOBJS=''
LIBS='-lcrypto -lssl -lcurl -lpthread -lsamplerate -lportaudio -lFLAC -lmp3lame -lopus -lvorbisenc -lvorbis -logg  -lfltk_images -lfltk -lX11 -ldbus-1 -lX11'
LINUX_FALSE='#'
LINUX_TRUE=''
LTLIBICONV='-liconv'
LTLIBINTL=''
LTLIBOBJS=''
MAKEINFO='${SHELL} '\''/home/ryanZzz/SRC/butt/butt-0.1.37/missing'\'' makeinfo'
MKDIR_P='/usr/bin/mkdir -p'
MSGFMT='/usr/bin/msgfmt'
MSGFMT_015='/usr/bin/msgfmt'
MSGMERGE='/usr/bin/msgmerge'
OBJC='gcc'
OBJCDEPMODE='depmode=none'
OBJCFLAGS='-g -O2 -ffile-prefix-map=/home/ryanZzz/SRC/butt/butt-0.1.37=. -fstack-protector-strong -Wformat -Werror=format-security'
OBJEXT='o'
OSX_FALSE=''
OSX_TRUE='#'
PACKAGE='butt'
PACKAGE_BUGREPORT='BUG-REPORT-ADDRESS'
PACKAGE_NAME='butt'
PACKAGE_STRING='butt 0.1.37'
PACKAGE_TARNAME='butt'
PACKAGE_URL=''
PACKAGE_VERSION='0.1.37'
PATH_SEPARATOR=':'
PKG_CONFIG='/usr/bin/pkg-config'
PKG_CONFIG_LIBDIR=''
PKG_CONFIG_PATH=''
POSUB='po'
SED='/usr/bin/sed'
SET_MAKE=''
SHELL='/bin/bash'
STRIP=''
USE_NLS='yes'
VERSION='0.1.37'
WINDOWS_FALSE=''
WINDOWS_TRUE='#'
WITH_CLIENT_FALSE=''
WITH_CLIENT_TRUE='#'
WITH_RADIOCO_FALSE=''
WITH_RADIOCO_TRUE='#'
XGETTEXT='/usr/bin/xgettext'
XGETTEXT_015='/usr/bin/xgettext'
XGETTEXT_EXTRA_OPTIONS=''
XMKMF=''
ac_ct_CC='gcc'
ac_ct_CXX='g++'
ac_ct_OBJC='gcc'
am__EXEEXT_FALSE=''
am__EXEEXT_TRUE='#'
am__fastdepCC_FALSE=''
am__fastdepCC_TRUE='#'
am__fastdepCXX_FALSE=''
am__fastdepCXX_TRUE='#'
am__fastdepOBJC_FALSE=''
am__fastdepOBJC_TRUE='#'
am__include='include'
am__isrc=''
am__leading_dot='.'
am__nodep=''
am__quote=''
am__tar='$${TAR-tar} chof - "$$tardir"'
am__untar='$${TAR-tar} xf -'
bindir='${exec_prefix}/bin'
build='x86_64-pc-linux-gnu'
build_alias='x86_64-linux-gnu'
build_cpu='x86_64'
build_os='linux-gnu'
build_vendor='pc'
datadir='${datarootdir}'
datarootdir='${prefix}/share'
docdir='${datarootdir}/doc/${PACKAGE_TARNAME}'
dvidir='${docdir}'
exec_prefix='${prefix}'
host='x86_64-pc-linux-gnu'
host_alias=''
host_cpu='x86_64'
host_os='linux-gnu'
host_vendor='pc'
htmldir='${docdir}'
includedir='${prefix}/include'
infodir='${prefix}/share/info'
install_sh='${SHELL} /home/ryanZzz/SRC/butt/butt-0.1.37/install-sh'
libdir='${prefix}/lib/x86_64-linux-gnu'
libexecdir='${exec_prefix}/libexec'
localedir='${datarootdir}/locale'
localstatedir='/var'
mandir='${prefix}/share/man'
mkdir_p='$(MKDIR_P)'
oldincludedir='/usr/include'
pdfdir='${docdir}'
prefix='/usr'
program_transform_name='s,x,x,'
psdir='${docdir}'
runstatedir='/run'
sbindir='${exec_prefix}/sbin'
sharedstatedir='${prefix}/com'
sysconfdir='/etc'
target_alias=''

## ----------- ##
## confdefs.h. ##
## ----------- ##

/* confdefs.h */
#define PACKAGE_NAME "butt"
#define PACKAGE_TARNAME "butt"
#define PACKAGE_VERSION "0.1.37"
#define PACKAGE_STRING "butt 0.1.37"
#define PACKAGE_BUGREPORT "BUG-REPORT-ADDRESS"
#define PACKAGE_URL ""
#define PACKAGE "butt"
#define VERSION "0.1.37"
#define HAVE_LIBOGG 1
#define HAVE_LIBVORBIS 1
#define HAVE_LIBVORBISENC 1
#define HAVE_LIBOPUS 1
#define HAVE_LIBMP3LAME 1
#define HAVE_LIBFLAC 1
#define HAVE_LIBPORTAUDIO 1
#define HAVE_LIBSAMPLERATE 1
#define HAVE_LIBPTHREAD 1
#define HAVE_LIBCURL 1
#define HAVE_LIBSSL 1
#define HAVE_LIBCRYPTO 1
#define HAVE_STDIO_H 1
#define HAVE_STDLIB_H 1
#define HAVE_STRING_H 1
#define HAVE_INTTYPES_H 1
#define HAVE_STDINT_H 1
#define HAVE_STRINGS_H 1
#define HAVE_SYS_STAT_H 1
#define HAVE_SYS_TYPES_H 1
#define HAVE_UNISTD_H 1
#define STDC_HEADERS 1
#define ENABLE_NLS 1
#define HAVE_GETTEXT 1
#define HAVE_DCGETTEXT 1
#define HAVE_DBUS 1
#define HAVE_FCNTL_H 1
#define HAVE_LIMITS_H 1
#define HAVE_NETDB_H 1
#define HAVE_NETINET_IN_H 1
#define HAVE_STDLIB_H 1
#define HAVE_STRING_H 1
#define HAVE_SYS_SOCKET_H 1
#define HAVE_UNISTD_H 1
#define HAVE__BOOL 1
#define HAVE_STDBOOL_H 1
#define HAVE_GETHOSTBYADDR 1
#define HAVE_GETHOSTBYNAME 1
#define HAVE_MEMSET 1
#define HAVE_SELECT 1
#define HAVE_SOCKET 1
#define HAVE_STRCHR 1
#define HAVE_STRDUP 1
#define HAVE_STRPBRK 1
#define HAVE_STRRCHR 1
#define HAVE_STRSTR 1
#define HAVE_X509_CHECK_HOST 1

configure: exit 0
